<?xml version="1.0" encoding="UTF-8"?>
<!-- Generated by org.testng.reporters.JUnitReportReporter -->
<testsuite hostname="home-laptop" failures="0" tests="1" name="com.uitestingpractice.tests.TestNotificationMessage" time="10.273" errors="0" timestamp="2024-02-01T21:27:38 IST" skipped="0">
  <testcase classname="com.uitestingpractice.tests.TestNotificationMessage" name="validateNotificationMessage" time="10.273"/>
  <system-out/>
</testsuite> <!-- com.uitestingpractice.tests.TestNotificationMessage -->
