<?xml version="1.0" encoding="UTF-8"?>
<!-- Generated by org.testng.reporters.JUnitReportReporter -->
<testsuite hostname="home-laptop" failures="0" tests="3" name="com.uitestingpractice.tests.TestLogin" time="31.994" errors="0" timestamp="2024-02-01T21:27:38 IST" skipped="0">
  <testcase classname="com.uitestingpractice.tests.TestLogin" name="loginWithValidData" time="9.706"/>
  <system-out/>
  <testcase classname="com.uitestingpractice.tests.TestLogin" name="loginWithInvalidUsername" time="11.402"/>
  <system-out/>
  <testcase classname="com.uitestingpractice.tests.TestLogin" name="loginWithInvalidPassword" time="10.886"/>
  <system-out/>
</testsuite> <!-- com.uitestingpractice.tests.TestLogin -->
