<?xml version="1.0" encoding="UTF-8"?>
<!-- Generated by org.testng.reporters.JUnitReportReporter -->
<testsuite hostname="home-laptop" failures="0" tests="1" name="com.uitestingpractice.tests.TestWebInputs" time="9.937" errors="0" timestamp="2024-02-01T21:27:38 IST" skipped="0">
  <testcase classname="com.uitestingpractice.tests.TestWebInputs" name="validateWebInputs" time="9.937"/>
  <system-out/>
</testsuite> <!-- com.uitestingpractice.tests.TestWebInputs -->
