<?xml version="1.0" encoding="UTF-8"?>
<!-- Generated by org.testng.reporters.JUnitReportReporter -->
<testsuite hostname="home-laptop" failures="0" tests="1" name="com.uitestingpractice.tests.DynamicTable" time="30.998" errors="0" timestamp="2024-01-27T20:58:00 IST" skipped="0">
  <testcase classname="com.uitestingpractice.tests.DynamicTable" name="verifyChromeCpuLoad" time="30.998"/>
  <system-out/>
</testsuite> <!-- com.uitestingpractice.tests.DynamicTable -->
